<?xml version="1.0" encoding="UTF-8"?>
<testsuite xmlns:xsi="http://www.w3.org/2001/XMLSchema-instance" xsi:noNamespaceSchemaLocation="https://maven.apache.org/surefire/maven-surefire-plugin/xsd/surefire-test-report.xsd" name="TestSuite" time="96.064" tests="117" errors="0" skipped="0" failures="0">
  <properties>
[...]
</properties>
  <testcase name="testVoteDTOAttributes on testVoteDTOAttributes(com.example.redditClone.dto.VoteDTOTest)" classname="com.example.redditClone.dto.VoteDTOTest" time="0.009"/>
  <testcase name="testPostResponseBuilderPatternToStringMethod on testPostResponseBuilderPatternToStringMethod(com.example.redditClone.dto.PostResponseTest)" classname="com.example.redditClone.dto.PostResponseTest" time="0.064"/>
  <testcase name="testPostRequestsetterMethods on testPostRequestsetterMethods(com.example.redditClone.dto.PostResponseTest)" classname="com.example.redditClone.dto.PostResponseTest" time="0"/>
  <testcase name="testBuilderPatternToStringMethod on testBuilderPatternToStringMethod(com.example.redditClone.dto.AuthenticationResponseTest)" classname="com.example.redditClone.dto.AuthenticationResponseTest" time="0.026"/>
  <testcase name="testSetterMethods on testSetterMethods(com.example.redditClone.dto.AuthenticationResponseTest)" classname="com.example.redditClone.dto.AuthenticationResponseTest" time="0.001"/>
  <testcase name="testSetterMethds on testSetterMethds(com.example.redditClone.dto.LoginRequestTest)" classname="com.example.redditClone.dto.LoginRequestTest" time="0.002"/>
  <testcase name="testSettterMethods on testSettterMethods(com.example.redditClone.dto.ApiResponseTest)" classname="com.example.redditClone.dto.ApiResponseTest" time="0.001"/>
  <testcase name="testUserSummarySetterMethods on testUserSummarySetterMethods(com.example.redditClone.dto.UserSummaryTest)" classname="com.example.redditClone.dto.UserSummaryTest" time="0.001"/>
  <testcase name="testBuilderPattern on testBuilderPattern(com.example.redditClone.dto.RefreshTokenRequestTest)" classname="com.example.redditClone.dto.RefreshTokenRequestTest" time="0.007"/>
  <testcase name="testSetterMethods on testSetterMethods(com.example.redditClone.dto.RefreshTokenRequestTest)" classname="com.example.redditClone.dto.RefreshTokenRequestTest" time="0.001"/>
  <testcase name="testSetterMethds on testSetterMethds(com.example.redditClone.dto.RegistrationRequestTest)" classname="com.example.redditClone.dto.RegistrationRequestTest" time="0.001"/>
  <testcase name="testCommentResponseSetterMethods on testCommentResponseSetterMethods(com.example.redditClone.dto.CommentRequestTest)" classname="com.example.redditClone.dto.CommentRequestTest" time="0.001"/>
  <testcase name="testCommentRequestBuilderToStringMethod on testCommentRequestBuilderToStringMethod(com.example.redditClone.dto.CommentRequestTest)" classname="com.example.redditClone.dto.CommentRequestTest" time="0.017"/>
  <testcase name="testSubredditDTOBuilderPatternToStringMethod on testSubredditDTOBuilderPatternToStringMethod(com.example.redditClone.dto.SubredditDTOTest)" classname="com.example.redditClone.dto.SubredditDTOTest" time="0.02"/>
  <testcase name="testSubredditDTOSetterMethods on testSubredditDTOSetterMethods(com.example.redditClone.dto.SubredditDTOTest)" classname="com.example.redditClone.dto.SubredditDTOTest" time="0"/>
  <testcase name="testPostRequestBuilderPatternToStringMethod on testPostRequestBuilderPatternToStringMethod(com.example.redditClone.dto.PostRequestTest)" classname="com.example.redditClone.dto.PostRequestTest" time="0.003"/>
  <testcase name="testPostRequestsetterMethods on testPostRequestsetterMethods(com.example.redditClone.dto.PostRequestTest)" classname="com.example.redditClone.dto.PostRequestTest" time="0.001"/>
  <testcase name="testCommentResponseSetterMethods on testCommentResponseSetterMethods(com.example.redditClone.dto.CommentResponseTest)" classname="com.example.redditClone.dto.CommentResponseTest" time="0.001"/>
  <testcase name="testCommentResponseBuilderToStringMethod on testCommentResponseBuilderToStringMethod(com.example.redditClone.dto.CommentResponseTest)" classname="com.example.redditClone.dto.CommentResponseTest" time="0.002"/>
  <testcase name="shouldThrowIllegalArgumentExceptionWhenInvalidSignature on shouldThrowIllegalArgumentExceptionWhenInvalidSignature(com.example.redditClone.security.JwtTokenProviderTest)" classname="com.example.redditClone.security.JwtTokenProviderTest" time="0.32"/>
  <testcase name="shouldThrowMalformedExceptionWhenInvalidSignature on shouldThrowMalformedExceptionWhenInvalidSignature(com.example.redditClone.security.JwtTokenProviderTest)" classname="com.example.redditClone.security.JwtTokenProviderTest" time="0.013"/>
  <testcase name="shouldThrowInvalidSignatureExceptionWhenInvalidSignature on shouldThrowInvalidSignatureExceptionWhenInvalidSignature(com.example.redditClone.security.JwtTokenProviderTest)" classname="com.example.redditClone.security.JwtTokenProviderTest" time="0.048"/>
  <testcase name="shouldThrowExpiredJwtExceptionWhenTokenHasExpired on shouldThrowExpiredJwtExceptionWhenTokenHasExpired(com.example.redditClone.security.JwtTokenProviderTest)" classname="com.example.redditClone.security.JwtTokenProviderTest" time="0.008"/>
  <testcase name="shouldGetUserIdFromTokenWhenValidJwtToken on shouldGetUserIdFromTokenWhenValidJwtToken(com.example.redditClone.security.JwtTokenProviderTest)" classname="com.example.redditClone.security.JwtTokenProviderTest" time="0.01"/>
  <testcase name="shouldReturnTrueWhenTokenIsValid on shouldReturnTrueWhenTokenIsValid(com.example.redditClone.security.JwtTokenProviderTest)" classname="com.example.redditClone.security.JwtTokenProviderTest" time="0.008"/>
  <testcase name="testCreatePostWithSetterMethods on testCreatePostWithSetterMethods(com.example.redditClone.models.SubredditTest)" classname="com.example.redditClone.models.SubredditTest" time="0.705"/>
  <testcase name="testCreatePostWithBuilderPattern on testCreatePostWithBuilderPattern(com.example.redditClone.models.SubredditTest)" classname="com.example.redditClone.models.SubredditTest" time="0.102"/>
  <testcase name="testCreatePostWithAllArgsConstructorArgs on testCreatePostWithAllArgsConstructorArgs(com.example.redditClone.models.SubredditTest)" classname="com.example.redditClone.models.SubredditTest" time="0.055"/>
  <testcase name="testCreatePostWithBuilderPatternToString on testCreatePostWithBuilderPatternToString(com.example.redditClone.models.SubredditTest)" classname="com.example.redditClone.models.SubredditTest" time="0.299"/>
  <testcase name="testCreatePostWithBuilderPattern on testCreatePostWithBuilderPattern(com.example.redditClone.models.VoteTest)" classname="com.example.redditClone.models.VoteTest" time="0.045"/>
  <testcase name="testCreateVoteWithBuilderPatternToString on testCreateVoteWithBuilderPatternToString(com.example.redditClone.models.VoteTest)" classname="com.example.redditClone.models.VoteTest" time="0.053"/>
  <testcase name="testCreatePostWithAllArgsConstructorArgs on testCreatePostWithAllArgsConstructorArgs(com.example.redditClone.models.VoteTest)" classname="com.example.redditClone.models.VoteTest" time="0.053"/>
  <testcase name="testCreateVoteWithSetterMethods on testCreateVoteWithSetterMethods(com.example.redditClone.models.VoteTest)" classname="com.example.redditClone.models.VoteTest" time="0.103"/>
  <testcase name="saveUser on saveUser(com.example.redditClone.models.UserEntityTest)" classname="com.example.redditClone.models.UserEntityTest" time="0.048"/>
  <testcase name="whenBlankUserName_and_Email_thenOneConstraintViolation on whenBlankUserName_and_Email_thenOneConstraintViolation(com.example.redditClone.models.UserEntityTest)" classname="com.example.redditClone.models.UserEntityTest" time="0.011"/>
  <testcase name="saveUserWithCustomUserID on saveUserWithCustomUserID(com.example.redditClone.models.UserEntityTest)" classname="com.example.redditClone.models.UserEntityTest" time="0.044"/>
  <testcase name="when_ID_AccountStatus_and_CreationDate_Are_Set on when_ID_AccountStatus_and_CreationDate_Are_Set(com.example.redditClone.models.UserEntityTest)" classname="com.example.redditClone.models.UserEntityTest" time="0.045"/>
  <testcase name="testCreateVoteWithBuilderPatternToString on testCreateVoteWithBuilderPatternToString(com.example.redditClone.models.NotificationEmailTest)" classname="com.example.redditClone.models.NotificationEmailTest" time="0"/>
  <testcase name="testEqualsMethodContracts on testEqualsMethodContracts(com.example.redditClone.models.NotificationEmailTest)" classname="com.example.redditClone.models.NotificationEmailTest" time="0"/>
  <testcase name="testCreateNotificationEmailUsingSetterMethod on testCreateNotificationEmailUsingSetterMethod(com.example.redditClone.models.NotificationEmailTest)" classname="com.example.redditClone.models.NotificationEmailTest" time="0"/>
  <testcase name="testCreateCommentWithAllArgsConstructorArgs on testCreateCommentWithAllArgsConstructorArgs(com.example.redditClone.models.NotificationEmailTest)" classname="com.example.redditClone.models.NotificationEmailTest" time="0"/>
  <testcase name="testCreateCommentWithBuilderPattern on testCreateCommentWithBuilderPattern(com.example.redditClone.models.CommentTest)" classname="com.example.redditClone.models.CommentTest" time="0.045"/>
  <testcase name="testCreateVoteWithBuilderPatternToString on testCreateVoteWithBuilderPatternToString(com.example.redditClone.models.CommentTest)" classname="com.example.redditClone.models.CommentTest" time="0.248"/>
  <testcase name="testEqualsMethodContracts on testEqualsMethodContracts(com.example.redditClone.models.CommentTest)" classname="com.example.redditClone.models.CommentTest" time="0.05"/>
  <testcase name="testCreateCommentWithAllArgsConstructorArgs on testCreateCommentWithAllArgsConstructorArgs(com.example.redditClone.models.CommentTest)" classname="com.example.redditClone.models.CommentTest" time="0.05"/>
  <testcase name="testHashCodeMethodContracts on testHashCodeMethodContracts(com.example.redditClone.models.CommentTest)" classname="com.example.redditClone.models.CommentTest" time="0.045"/>
  <testcase name="testCreateCommentWithSetterMethods on testCreateCommentWithSetterMethods(com.example.redditClone.models.CommentTest)" classname="com.example.redditClone.models.CommentTest" time="0.012"/>
  <testcase name="testCreatePostWithSetterMethods on testCreatePostWithSetterMethods(com.example.redditClone.models.PostTest)" classname="com.example.redditClone.models.PostTest" time="0.049"/>
  <testcase name="testCreatePostWithBuilderPattern on testCreatePostWithBuilderPattern(com.example.redditClone.models.PostTest)" classname="com.example.redditClone.models.PostTest" time="0.014"/>
  <testcase name="testCreatePostWithAllArgsConstructorArgs on testCreatePostWithAllArgsConstructorArgs(com.example.redditClone.models.PostTest)" classname="com.example.redditClone.models.PostTest" time="0.046"/>
  <testcase name="testCreatePostWithBuilderPatternToString on testCreatePostWithBuilderPatternToString(com.example.redditClone.models.PostTest)" classname="com.example.redditClone.models.PostTest" time="0.045"/>
  <testcase name="createAccountVerificationTokenWithConstructor on createAccountVerificationTokenWithConstructor(com.example.redditClone.models.AccountVerificationTokenTest)" classname="com.example.redditClone.models.AccountVerificationTokenTest" time="0.044"/>
  <testcase name="createAccountVerificationToken on createAccountVerificationToken(com.example.redditClone.models.AccountVerificationTokenTest)" classname="com.example.redditClone.models.AccountVerificationTokenTest" time="0.046"/>
  <testcase name="testCreateVoteWithBuilderPatternToString on testCreateVoteWithBuilderPatternToString(com.example.redditClone.models.RefreshTokenTest)" classname="com.example.redditClone.models.RefreshTokenTest" time="0.048"/>
  <testcase name="testEqualsMethodContracts on testEqualsMethodContracts(com.example.redditClone.models.RefreshTokenTest)" classname="com.example.redditClone.models.RefreshTokenTest" time="0.086"/>
  <testcase name="testCreateCommentWithAllArgsConstructorArgs on testCreateCommentWithAllArgsConstructorArgs(com.example.redditClone.models.RefreshTokenTest)" classname="com.example.redditClone.models.RefreshTokenTest" time="0.054"/>
  <testcase name="testHashCodeMethodContracts on testHashCodeMethodContracts(com.example.redditClone.models.RefreshTokenTest)" classname="com.example.redditClone.models.RefreshTokenTest" time="0.012"/>
  <testcase name="shouldReturnCurrentUserDetails on shouldReturnCurrentUserDetails(com.example.redditClone.controller.UserControllerTest)" classname="com.example.redditClone.controller.UserControllerTest" time="0.352"/>
  <testcase name="userShouldLoginSuccessfullyWhenAccountExists on userShouldLoginSuccessfullyWhenAccountExists(com.example.redditClone.controller.AuthControllerLoginTest)" classname="com.example.redditClone.controller.AuthControllerLoginTest" time="0.846"/>
  <testcase name="userLoginShouldBeUnsuccessfulWhenWrongAccountDetailsAreUsed on userLoginShouldBeUnsuccessfulWhenWrongAccountDetailsAreUsed(com.example.redditClone.controller.AuthControllerLoginTest)" classname="com.example.redditClone.controller.AuthControllerLoginTest" time="0.048"/>
  <testcase name="userLoginShouldBeUnsuccessfulWhenWrongPasswordIsUsed on userLoginShouldBeUnsuccessfulWhenWrongPasswordIsUsed(com.example.redditClone.controller.AuthControllerLoginTest)" classname="com.example.redditClone.controller.AuthControllerLoginTest" time="0.226"/>
  <testcase name="shouldReturnAListOfPostsWhenGetAllPostsIsCalled on shouldReturnAListOfPostsWhenGetAllPostsIsCalled(com.example.redditClone.controller.PostControllerTest)" classname="com.example.redditClone.controller.PostControllerTest" time="0.543"/>
  <testcase name="shouldReturnPostsWithinGivenSubredditIDWhenGetPostsByUsernameIsCalled on shouldReturnPostsWithinGivenSubredditIDWhenGetPostsByUsernameIsCalled(com.example.redditClone.controller.PostControllerTest)" classname="com.example.redditClone.controller.PostControllerTest" time="0.116"/>
  <testcase name="shouldReturnPostsWithinGivenSubredditIDWhenGetPostsBySubredditIsCalled on shouldReturnPostsWithinGivenSubredditIDWhenGetPostsBySubredditIsCalled(com.example.redditClone.controller.PostControllerTest)" classname="com.example.redditClone.controller.PostControllerTest" time="0.098"/>
  <testcase name="shouldReturnCreatedSuccessWhenAddPostMethodIsCalled on shouldReturnCreatedSuccessWhenAddPostMethodIsCalled(com.example.redditClone.controller.PostControllerTest)" classname="com.example.redditClone.controller.PostControllerTest" time="0.273"/>
  <testcase name="shouldReturnAPostWithGivenIdWhenGetPostByIDIsCalled on shouldReturnAPostWithGivenIdWhenGetPostByIDIsCalled(com.example.redditClone.controller.PostControllerTest)" classname="com.example.redditClone.controller.PostControllerTest" time="0.178"/>
  <testcase name="shouldRaiseMethodArgumentNotValidExceptionWithBadRequestWhenParamsValidationFails on shouldRaiseMethodArgumentNotValidExceptionWithBadRequestWhenParamsValidationFails(com.example.redditClone.controller.AuthControllerRegistrationTest)" classname="com.example.redditClone.controller.AuthControllerRegistrationTest" time="0.086"/>
  <testcase name="shouldReturnCreatedIfRegistrationRequestIsOk on shouldReturnCreatedIfRegistrationRequestIsOk(com.example.redditClone.controller.AuthControllerRegistrationTest)" classname="com.example.redditClone.controller.AuthControllerRegistrationTest" time="0.728"/>
  <testcase name="userSignUpShouldFailIfUsernameIsTaken on userSignUpShouldFailIfUsernameIsTaken(com.example.redditClone.controller.AuthControllerConstraintsCheckTest)" classname="com.example.redditClone.controller.AuthControllerConstraintsCheckTest" time="0.017"/>
  <testcase name="userSignUpShouldFailIfEmailIsTaken on userSignUpShouldFailIfEmailIsTaken(com.example.redditClone.controller.AuthControllerConstraintsCheckTest)" classname="com.example.redditClone.controller.AuthControllerConstraintsCheckTest" time="0.01"/>
  <testcase name="shouldRaisePostNotFoundExceptionWhenVotingForAPostThatDoesNotExist on shouldRaisePostNotFoundExceptionWhenVotingForAPostThatDoesNotExist(com.example.redditClone.controller.VoteControllerPostExceptionTest)" classname="com.example.redditClone.controller.VoteControllerPostExceptionTest" time="0.139"/>
  <testcase name="getSubreddit_ShouldReturn_Found_Subreddit on getSubreddit_ShouldReturn_Found_Subreddit(com.example.redditClone.controller.SubredditControllerTest)" classname="com.example.redditClone.controller.SubredditControllerTest" time="0.026"/>
  <testcase name="getAllSubreddits_ShouldReturn_List_of_Subreddits on getAllSubreddits_ShouldReturn_List_of_Subreddits(com.example.redditClone.controller.SubredditControllerTest)" classname="com.example.redditClone.controller.SubredditControllerTest" time="0.019"/>
  <testcase name="addSubreddit_ShouldReturn_Created_Subreddit on addSubreddit_ShouldReturn_Created_Subreddit(com.example.redditClone.controller.SubredditControllerTest)" classname="com.example.redditClone.controller.SubredditControllerTest" time="0.188"/>
  <testcase name="getSubreddit_ShouldReturn_404_Not_Found_For_Non_Existent_Subreddit on getSubreddit_ShouldReturn_404_Not_Found_For_Non_Existent_Subreddit(com.example.redditClone.controller.SubredditControllerTest)" classname="com.example.redditClone.controller.SubredditControllerTest" time="0.012"/>
  <testcase name="shouldReturnAlistOfCommentsBasedOnPostId on shouldReturnAlistOfCommentsBasedOnPostId(com.example.redditClone.controller.CommentControllerTest)" classname="com.example.redditClone.controller.CommentControllerTest" time="0.135"/>
  <testcase name="shouldReturnAlistOfCommentsBasedOnUsername on shouldReturnAlistOfCommentsBasedOnUsername(com.example.redditClone.controller.CommentControllerTest)" classname="com.example.redditClone.controller.CommentControllerTest" time="0.134"/>
  <testcase name="shouldReturnCreatedSuccessWhenAddPostMethodIsCalled on shouldReturnCreatedSuccessWhenAddPostMethodIsCalled(com.example.redditClone.controller.CommentControllerTest)" classname="com.example.redditClone.controller.CommentControllerTest" time="0.194"/>
  <testcase name="shouldRaiseVoteExceptionForDownVoteWhenUserHadAlreadyDownVoted on shouldRaiseVoteExceptionForDownVoteWhenUserHadAlreadyDownVoted(com.example.redditClone.controller.VoteControllerVoteExceptionTest)" classname="com.example.redditClone.controller.VoteControllerVoteExceptionTest" time="0.121"/>
  <testcase name="shouldRaisePostNotFoundWhenGetPostByIDIsCalledWithNonExistingID on shouldRaisePostNotFoundWhenGetPostByIDIsCalledWithNonExistingID(com.example.redditClone.controller.PostControllerExceptionsTest)" classname="com.example.redditClone.controller.PostControllerExceptionsTest" time="0.108"/>
  <testcase name="shouldRaiseSubredditNotFoundWhenGetPostByIDIsCalledWithNonExistingSubredditID on shouldRaiseSubredditNotFoundWhenGetPostByIDIsCalledWithNonExistingSubredditID(com.example.redditClone.controller.PostControllerExceptionsTest)" classname="com.example.redditClone.controller.PostControllerExceptionsTest" time="0.102"/>
  <testcase name="shouldRaiseSubredditNotFoundWhenSaveIsCalledWithSubredditNameThatDoesNotExist on shouldRaiseSubredditNotFoundWhenSaveIsCalledWithSubredditNameThatDoesNotExist(com.example.redditClone.controller.PostControllerExceptionsTest)" classname="com.example.redditClone.controller.PostControllerExceptionsTest" time="0.099"/>
  <testcase name="shouldRaiseUserNotFoundWhenGetPostByUsernameIsCalledWithNonExistingUsername on shouldRaiseUserNotFoundWhenGetPostByUsernameIsCalledWithNonExistingUsername(com.example.redditClone.controller.PostControllerExceptionsTest)" classname="com.example.redditClone.controller.PostControllerExceptionsTest" time="0.097"/>
  <testcase name="shouldRaiseActivationExceptionWhenActivationTokenIsInvalid on shouldRaiseActivationExceptionWhenActivationTokenIsInvalid(com.example.redditClone.controller.AuthControllerTokenVerificationTest)" classname="com.example.redditClone.controller.AuthControllerTokenVerificationTest" time="0.019"/>
  <testcase name="shouldReturnOkWhenActivationTokenIsValid on shouldReturnOkWhenActivationTokenIsValid(com.example.redditClone.controller.AuthControllerTokenVerificationTest)" classname="com.example.redditClone.controller.AuthControllerTokenVerificationTest" time="0.046"/>
  <testcase name="shouldThrowPostNotFoundWhenGettingListOfCommentsBasedOnPostIdWhenPostIDDoesNotExist on shouldThrowPostNotFoundWhenGettingListOfCommentsBasedOnPostIdWhenPostIDDoesNotExist(com.example.redditClone.controller.CommentControllerExceptionsTest)" classname="com.example.redditClone.controller.CommentControllerExceptionsTest" time="0.064"/>
  <testcase name="shouldThrowPostNotFoundExceptionWhenPostIdDoesNotExist on shouldThrowPostNotFoundExceptionWhenPostIdDoesNotExist(com.example.redditClone.controller.CommentControllerExceptionsTest)" classname="com.example.redditClone.controller.CommentControllerExceptionsTest" time="0.098"/>
  <testcase name="shouldThrowUserNotFoundExceptionWhenGettingListOfCommentsBasedOnUsernameIfUsernameDoesNotExist on shouldThrowUserNotFoundExceptionWhenGettingListOfCommentsBasedOnUsernameIfUsernameDoesNotExist(com.example.redditClone.controller.CommentControllerExceptionsTest)" classname="com.example.redditClone.controller.CommentControllerExceptionsTest" time="0.105"/>
  <testcase name="userShouldRefreshTokenWhenRefreshTokenIsRequestedWithValidTokenAndUsername on userShouldRefreshTokenWhenRefreshTokenIsRequestedWithValidTokenAndUsername(com.example.redditClone.controller.AuthControllerRefreshTokenTest)" classname="com.example.redditClone.controller.AuthControllerRefreshTokenTest" time="0.028"/>
  <testcase name="shouldReturnTokenDeletedMessageWhenUserLogsOutOfTheSystem on shouldReturnTokenDeletedMessageWhenUserLogsOutOfTheSystem(com.example.redditClone.controller.AuthControllerRefreshTokenTest)" classname="com.example.redditClone.controller.AuthControllerRefreshTokenTest" time="0.04"/>
  <testcase name="shouldReturnOkForDownVoteWhenUserHadUpVoted on shouldReturnOkForDownVoteWhenUserHadUpVoted(com.example.redditClone.controller.VoteControllerTest)" classname="com.example.redditClone.controller.VoteControllerTest" time="0"/>
  <testcase name="shouldReturnOkForUpVote on shouldReturnOkForUpVote(com.example.redditClone.controller.VoteControllerTest)" classname="com.example.redditClone.controller.VoteControllerTest" time="0"/>
  <testcase name="shouldReturnOkForDownVote on shouldReturnOkForDownVote(com.example.redditClone.controller.VoteControllerTest)" classname="com.example.redditClone.controller.VoteControllerTest" time="0.077"/>
  <testcase name="shouldMapSubredditObjectToSubredditDTOWhenGetSubredditIsCalled on shouldMapSubredditObjectToSubredditDTOWhenGetSubredditIsCalled(com.example.redditClone.service.PostServiceTest)" classname="com.example.redditClone.service.PostServiceTest" time="0.306"/>
  <testcase name="testEqualsMethodContracts on testEqualsMethodContracts(com.example.redditClone.service.UserPrincipalTest)" classname="com.example.redditClone.service.UserPrincipalTest" time="0.002"/>
  <testcase name="testCreateUserPrincipal on testCreateUserPrincipal(com.example.redditClone.service.UserPrincipalTest)" classname="com.example.redditClone.service.UserPrincipalTest" time="0"/>
  <testcase name="testHashCodeMethodContact on testHashCodeMethodContact(com.example.redditClone.service.UserPrincipalTest)" classname="com.example.redditClone.service.UserPrincipalTest" time="0"/>
  <testcase name="shouldRaiseUsernameNotFoundExceptionWhenLoadUserByIdIsCalledWithNonExistentUser on shouldRaiseUsernameNotFoundExceptionWhenLoadUserByIdIsCalledWithNonExistentUser(com.example.redditClone.service.CustomUserDetailsServiceTest)" classname="com.example.redditClone.service.CustomUserDetailsServiceTest" time="0"/>
  <testcase name="shouldRaiseUsernameNotFoundExceptionWhenLoadUserByUsernameIsCalledWithNonExistentUser on shouldRaiseUsernameNotFoundExceptionWhenLoadUserByUsernameIsCalledWithNonExistentUser(com.example.redditClone.service.CustomUserDetailsServiceTest)" classname="com.example.redditClone.service.CustomUserDetailsServiceTest" time="0"/>
  <testcase name="shouldReturnUserDetailsWhenLoadUserByIdIsCalledWithExistingUser on shouldReturnUserDetailsWhenLoadUserByIdIsCalledWithExistingUser(com.example.redditClone.service.CustomUserDetailsServiceTest)" classname="com.example.redditClone.service.CustomUserDetailsServiceTest" time="0"/>
  <testcase name="shouldReturnUserDetailsWhenLoadUserByUsernameIsCalledWithExistingUser on shouldReturnUserDetailsWhenLoadUserByUsernameIsCalledWithExistingUser(com.example.redditClone.service.CustomUserDetailsServiceTest)" classname="com.example.redditClone.service.CustomUserDetailsServiceTest" time="0"/>
  <testcase name="shouldReturnListOfSubredditDTOsWhenGetAllisCalled on shouldReturnListOfSubredditDTOsWhenGetAllisCalled(com.example.redditClone.service.SubredditServiceTest)" classname="com.example.redditClone.service.SubredditServiceTest" time="0.022"/>
  <testcase name="shouldMapSubredditObjectToSubredditDTOWhenGetSubredditIsCalled on shouldMapSubredditObjectToSubredditDTOWhenGetSubredditIsCalled(com.example.redditClone.service.SubredditServiceTest)" classname="com.example.redditClone.service.SubredditServiceTest" time="0.008"/>
  <testcase name="shouldReturnSubredditWhenSaveIsCalledWithSubredditDTO on shouldReturnSubredditWhenSaveIsCalledWithSubredditDTO(com.example.redditClone.service.SubredditServiceTest)" classname="com.example.redditClone.service.SubredditServiceTest" time="0.266"/>
  <testcase name="shouldThrowSubredditNotFoundExceptionWhenGetSubredditIsCalledWithNonExistingSubredditID on shouldThrowSubredditNotFoundExceptionWhenGetSubredditIsCalledWithNonExistingSubredditID(com.example.redditClone.service.SubredditServiceTest)" classname="com.example.redditClone.service.SubredditServiceTest" time="0.011"/>
  <testcase name="shouldReturnFalseWhenAuthenticationIsEmpty on shouldReturnFalseWhenAuthenticationIsEmpty(com.example.redditClone.service.AuthServiceTest)" classname="com.example.redditClone.service.AuthServiceTest" time="0.034"/>
  <testcase name="shouldRegisterUserSuccessfully on shouldRegisterUserSuccessfully(com.example.redditClone.service.AuthServiceTest)" classname="com.example.redditClone.service.AuthServiceTest" time="0.184"/>
  <testcase name="shouldThrowRefreshExceptionWhenInvalidRefreshToken on shouldThrowRefreshExceptionWhenInvalidRefreshToken(com.example.redditClone.service.AuthServiceTest)" classname="com.example.redditClone.service.AuthServiceTest" time="0.009"/>
  <testcase name="shouldThrowUsernameNotFoundExceptionWhenUserDoesNotExist on shouldThrowUsernameNotFoundExceptionWhenUserDoesNotExist(com.example.redditClone.service.AuthServiceTest)" classname="com.example.redditClone.service.AuthServiceTest" time="0.114"/>
  <testcase name="shouldValidateRefreshTokenSuccessfully on shouldValidateRefreshTokenSuccessfully(com.example.redditClone.service.AuthServiceTest)" classname="com.example.redditClone.service.AuthServiceTest" time="0.098"/>
  <testcase name="shouldThrowActivationExceptionIfTokenIsInvalid on shouldThrowActivationExceptionIfTokenIsInvalid(com.example.redditClone.service.AuthServiceTest)" classname="com.example.redditClone.service.AuthServiceTest" time="0.007"/>
  <testcase name="shouldGetCurrentUserPrincipal on shouldGetCurrentUserPrincipal(com.example.redditClone.service.AuthServiceTest)" classname="com.example.redditClone.service.AuthServiceTest" time="0.177"/>
  <testcase name="shouldVerifyAccountVerificationTokenSuccessfullyForValidTokens on shouldVerifyAccountVerificationTokenSuccessfullyForValidTokens(com.example.redditClone.service.AuthServiceTest)" classname="com.example.redditClone.service.AuthServiceTest" time="0.121"/>
  <testcase name="shouldDeleteRefreshTokenWhenRefreshTokenExists on shouldDeleteRefreshTokenWhenRefreshTokenExists(com.example.redditClone.service.AuthServiceTest)" classname="com.example.redditClone.service.AuthServiceTest" time="0.111"/>
  <testcase name="shouldLoginUserSuccessfullyForCorrectUsernameAndPassword on shouldLoginUserSuccessfullyForCorrectUsernameAndPassword(com.example.redditClone.service.AuthServiceTest)" classname="com.example.redditClone.service.AuthServiceTest" time="0.27"/>
  <testcase name="testSendEmailSuccesful on testSendEmailSuccesful(com.example.redditClone.service.MailServiceTest)" classname="com.example.redditClone.service.MailServiceTest" time="0.119"/>
  <testcase name="testActivationException on testActivationException(com.example.redditClone.service.MailServiceTest)" classname="com.example.redditClone.service.MailServiceTest" time="0.007"/>
</testsuite>